<?xml version="1.0" encoding="UTF-8"?>
<!-- Generated by org.testng.reporters.JUnitReportReporter -->
<testsuite hostname="LAPTOP-1AJK8K31" failures="0" tests="1" name="test.Rajagiri_telemedic_test" time="3.854" errors="0" timestamp="2024-08-24T20:03:42 IST" skipped="0">
  <testcase classname="test.Rajagiri_telemedic_test" name="test" time="3.854"/>
</testsuite> <!-- test.Rajagiri_telemedic_test -->
