<?xml version="1.0" encoding="UTF-8"?>
<!-- Generated by org.testng.reporters.JUnitReportReporter -->
<testsuite hostname="LAPTOP-1AJK8K31" failures="0" tests="1" name="test.Rajagiri_test" time="34.792" errors="0" timestamp="2024-08-24T20:01:29 IST" skipped="0">
  <testcase classname="test.Rajagiri_test" name="test" time="34.792"/>
</testsuite> <!-- test.Rajagiri_test -->
