<?xml version="1.0" encoding="UTF-8"?>
<!-- Generated by org.testng.reporters.JUnitReportReporter -->
<testsuite hostname="LAPTOP-1AJK8K31" failures="0" tests="1" name="test.Rajagiri_feedback_test" time="21.455" errors="0" timestamp="2024-08-24T19:58:50 IST" skipped="0">
  <testcase classname="test.Rajagiri_feedback_test" name="test" time="21.455"/>
</testsuite> <!-- test.Rajagiri_feedback_test -->
